2022-10-25 20:44:28 [INFO ] kopo.poly.PaasTaPrjApplication - Starting PaasTaPrjApplication using Java 1.8.0_271 on WooJung-laptop with PID 17308 (C:\PaasTaPrj\PaasTaPrj\build\classes\java\main started by lowel in C:\PaasTaPrj\PaasTaPrj)
2022-10-25 20:44:28 [DEBUG] kopo.poly.PaasTaPrjApplication - Running with Spring Boot v2.7.5, Spring v5.3.23
2022-10-25 20:44:28 [INFO ] kopo.poly.PaasTaPrjApplication - The following 1 profile is active: "prod"
2022-10-25 20:46:18 [INFO ] kopo.poly.PaasTaPrjApplication - Starting PaasTaPrjApplication using Java 1.8.0_271 on WooJung-laptop with PID 8008 (C:\PaasTaPrj\PaasTaPrj\build\classes\java\main started by lowel in C:\PaasTaPrj\PaasTaPrj)
2022-10-25 20:46:18 [DEBUG] kopo.poly.PaasTaPrjApplication - Running with Spring Boot v2.7.5, Spring v5.3.23
2022-10-25 20:46:18 [INFO ] kopo.poly.PaasTaPrjApplication - The following 1 profile is active: "prod"
2022-10-25 20:47:43 [INFO ] kopo.poly.PaasTaPrjApplication - Starting PaasTaPrjApplication using Java 1.8.0_271 on WooJung-laptop with PID 13696 (C:\PaasTaPrj\PaasTaPrj\build\classes\java\main started by lowel in C:\PaasTaPrj\PaasTaPrj)
2022-10-25 20:47:43 [DEBUG] kopo.poly.PaasTaPrjApplication - Running with Spring Boot v2.7.5, Spring v5.3.23
2022-10-25 20:47:43 [INFO ] kopo.poly.PaasTaPrjApplication - The following 1 profile is active: "prod"
2022-10-25 20:47:47 [INFO ] kopo.poly.PaasTaPrjApplication - Started PaasTaPrjApplication in 3.566 seconds (JVM running for 4.247)
2022-10-25 20:47:54 [INFO ] kopo.poly.controller.Webcontroller - kopo.poly.controller.WebcontrollerWebController 시작!!!
2022-10-25 20:49:23 [INFO ] kopo.poly.PaasTaPrjApplication - Starting PaasTaPrjApplication using Java 1.8.0_271 on WooJung-laptop with PID 17952 (C:\PaasTaPrj\PaasTaPrj\build\classes\java\main started by lowel in C:\PaasTaPrj\PaasTaPrj)
2022-10-25 20:49:23 [DEBUG] kopo.poly.PaasTaPrjApplication - Running with Spring Boot v2.7.5, Spring v5.3.23
2022-10-25 20:49:23 [INFO ] kopo.poly.PaasTaPrjApplication - The following 1 profile is active: "prod"
2022-10-25 20:49:27 [INFO ] kopo.poly.PaasTaPrjApplication - Started PaasTaPrjApplication in 3.566 seconds (JVM running for 4.24)
2022-10-25 20:49:30 [INFO ] kopo.poly.controller.Webcontroller - kopo.poly.controller.WebcontrollerWebController 시작!!!
2022-10-25 20:49:30 [INFO ] kopo.poly.controller.Webcontroller - kopo.poly.controller.WebcontrollerWebController 종료!!!
2022-10-25 20:52:52 [INFO ] kopo.poly.PaasTaPrjApplication - Starting PaasTaPrjApplication using Java 1.8.0_271 on WooJung-laptop with PID 18316 (C:\PaasTaPrj\PaasTaPrj\build\classes\java\main started by lowel in C:\PaasTaPrj\PaasTaPrj)
2022-10-25 20:52:52 [DEBUG] kopo.poly.PaasTaPrjApplication - Running with Spring Boot v2.7.5, Spring v5.3.23
2022-10-25 20:52:52 [INFO ] kopo.poly.PaasTaPrjApplication - The following 1 profile is active: "prod"
2022-10-25 20:52:55 [INFO ] kopo.poly.PaasTaPrjApplication - Started PaasTaPrjApplication in 3.398 seconds (JVM running for 4.467)
2022-10-25 20:53:11 [INFO ] kopo.poly.controller.Webcontroller - kopo.poly.controller.WebcontrollerWebController 시작!!!
2022-10-25 20:53:11 [INFO ] kopo.poly.controller.Webcontroller - kopo.poly.controller.WebcontrollerWebController 종료!!!
2022-10-25 20:53:15 [INFO ] kopo.poly.controller.Webcontroller - kopo.poly.controller.WebcontrollerWebController 시작!!!
2022-10-25 20:53:15 [INFO ] kopo.poly.controller.Webcontroller - kopo.poly.controller.WebcontrollerWebController 종료!!!
2022-10-25 20:53:56 [INFO ] kopo.poly.PaasTaPrjApplication - Starting PaasTaPrjApplication using Java 1.8.0_271 on WooJung-laptop with PID 15772 (C:\PaasTaPrj\PaasTaPrj\build\classes\java\main started by lowel in C:\PaasTaPrj\PaasTaPrj)
2022-10-25 20:53:56 [DEBUG] kopo.poly.PaasTaPrjApplication - Running with Spring Boot v2.7.5, Spring v5.3.23
2022-10-25 20:53:56 [INFO ] kopo.poly.PaasTaPrjApplication - The following 1 profile is active: "prod"
2022-10-25 20:53:59 [INFO ] kopo.poly.PaasTaPrjApplication - Started PaasTaPrjApplication in 3.799 seconds (JVM running for 4.515)
2022-10-25 20:54:10 [INFO ] kopo.poly.controller.Webcontroller - kopo.poly.controller.WebcontrollerWebController 시작!!!
2022-10-25 20:54:10 [INFO ] kopo.poly.controller.Webcontroller - kopo.poly.controller.WebcontrollerWebController 종료!!!
2022-10-25 20:54:40 [INFO ] kopo.poly.PaasTaPrjApplication - Starting PaasTaPrjApplication using Java 1.8.0_271 on WooJung-laptop with PID 3520 (C:\PaasTaPrj\PaasTaPrj\build\classes\java\main started by lowel in C:\PaasTaPrj\PaasTaPrj)
2022-10-25 20:54:40 [DEBUG] kopo.poly.PaasTaPrjApplication - Running with Spring Boot v2.7.5, Spring v5.3.23
2022-10-25 20:54:40 [INFO ] kopo.poly.PaasTaPrjApplication - The following 1 profile is active: "prod"
2022-10-25 20:54:43 [INFO ] kopo.poly.PaasTaPrjApplication - Started PaasTaPrjApplication in 3.453 seconds (JVM running for 4.143)
2022-10-25 20:54:56 [INFO ] kopo.poly.controller.Webcontroller - kopo.poly.controller.WebcontrollerWebController 시작!!!
2022-10-25 20:54:56 [INFO ] kopo.poly.controller.Webcontroller - kopo.poly.controller.WebcontrollerWebController 종료!!!
2022-10-25 20:57:50 [INFO ] kopo.poly.PaasTaPrjApplication - Starting PaasTaPrjApplication using Java 1.8.0_271 on WooJung-laptop with PID 5452 (C:\PaasTaPrj\PaasTaPrj\build\classes\java\main started by lowel in C:\PaasTaPrj\PaasTaPrj)
2022-10-25 20:57:50 [DEBUG] kopo.poly.PaasTaPrjApplication - Running with Spring Boot v2.7.5, Spring v5.3.23
2022-10-25 20:57:50 [INFO ] kopo.poly.PaasTaPrjApplication - The following 1 profile is active: "prod"
2022-10-25 20:57:53 [INFO ] kopo.poly.PaasTaPrjApplication - Started PaasTaPrjApplication in 3.435 seconds (JVM running for 4.106)
2022-10-25 20:58:08 [INFO ] kopo.poly.controller.Webcontroller - kopo.poly.controller.WebcontrollerWebController 시작!!!
2022-10-25 20:58:08 [INFO ] kopo.poly.controller.Webcontroller - kopo.poly.controller.WebcontrollerWebController 종료!!!
2022-10-25 20:58:32 [INFO ] kopo.poly.PaasTaPrjApplication - Starting PaasTaPrjApplication using Java 1.8.0_271 on WooJung-laptop with PID 15380 (C:\PaasTaPrj\PaasTaPrj\build\classes\java\main started by lowel in C:\PaasTaPrj\PaasTaPrj)
2022-10-25 20:58:32 [DEBUG] kopo.poly.PaasTaPrjApplication - Running with Spring Boot v2.7.5, Spring v5.3.23
2022-10-25 20:58:32 [INFO ] kopo.poly.PaasTaPrjApplication - The following 1 profile is active: "prod"
2022-10-25 20:58:35 [INFO ] kopo.poly.PaasTaPrjApplication - Started PaasTaPrjApplication in 3.503 seconds (JVM running for 4.179)
2022-10-25 20:58:43 [INFO ] kopo.poly.PaasTaPrjApplication - Starting PaasTaPrjApplication using Java 1.8.0_271 on WooJung-laptop with PID 11836 (C:\PaasTaPrj\PaasTaPrj\build\classes\java\main started by lowel in C:\PaasTaPrj\PaasTaPrj)
2022-10-25 20:58:43 [DEBUG] kopo.poly.PaasTaPrjApplication - Running with Spring Boot v2.7.5, Spring v5.3.23
2022-10-25 20:58:43 [INFO ] kopo.poly.PaasTaPrjApplication - The following 1 profile is active: "prod"
2022-10-25 20:58:47 [INFO ] kopo.poly.PaasTaPrjApplication - Started PaasTaPrjApplication in 3.395 seconds (JVM running for 4.064)
2022-10-25 20:58:52 [INFO ] kopo.poly.controller.Webcontroller - kopo.poly.controller.WebcontrollerWebController 시작!!!
2022-10-25 20:58:52 [INFO ] kopo.poly.controller.Webcontroller - kopo.poly.controller.WebcontrollerWebController 종료!!!
2022-10-25 21:04:32 [INFO ] kopo.poly.PaasTaPrjApplication - Starting PaasTaPrjApplication using Java 1.8.0_271 on WooJung-laptop with PID 15692 (C:\PaasTaPrj\PaasTaPrj\build\classes\java\main started by lowel in C:\PaasTaPrj\PaasTaPrj)
2022-10-25 21:04:32 [DEBUG] kopo.poly.PaasTaPrjApplication - Running with Spring Boot v2.7.5, Spring v5.3.23
2022-10-25 21:04:32 [INFO ] kopo.poly.PaasTaPrjApplication - The following 1 profile is active: "prod"
2022-10-25 21:04:35 [INFO ] kopo.poly.PaasTaPrjApplication - Started PaasTaPrjApplication in 3.838 seconds (JVM running for 4.65)
2022-10-25 21:04:36 [INFO ] kopo.poly.controller.Webcontroller - kopo.poly.controller.WebcontrollerWebController 시작!!!
2022-10-25 21:04:36 [INFO ] kopo.poly.controller.Webcontroller - kopo.poly.controller.WebcontrollerWebController 종료!!!
2022-10-25 21:06:31 [INFO ] kopo.poly.PaasTaPrjApplication - Starting PaasTaPrjApplication using Java 1.8.0_271 on WooJung-laptop with PID 9488 (C:\PaasTaPrj\PaasTaPrj\build\classes\java\main started by lowel in C:\PaasTaPrj\PaasTaPrj)
2022-10-25 21:06:31 [DEBUG] kopo.poly.PaasTaPrjApplication - Running with Spring Boot v2.7.5, Spring v5.3.23
2022-10-25 21:06:31 [INFO ] kopo.poly.PaasTaPrjApplication - The following 1 profile is active: "prod"
2022-10-25 21:06:34 [INFO ] kopo.poly.PaasTaPrjApplication - Started PaasTaPrjApplication in 3.74 seconds (JVM running for 4.425)
2022-10-25 21:06:46 [INFO ] kopo.poly.controller.Webcontroller - kopo.poly.controller.Webcontroller인덱스 시작!
2022-10-25 21:07:44 [INFO ] kopo.poly.PaasTaPrjApplication - Starting PaasTaPrjApplication using Java 1.8.0_271 on WooJung-laptop with PID 6336 (C:\PaasTaPrj\PaasTaPrj\build\classes\java\main started by lowel in C:\PaasTaPrj\PaasTaPrj)
2022-10-25 21:07:44 [DEBUG] kopo.poly.PaasTaPrjApplication - Running with Spring Boot v2.7.5, Spring v5.3.23
2022-10-25 21:07:44 [INFO ] kopo.poly.PaasTaPrjApplication - The following 1 profile is active: "prod"
2022-10-25 21:07:48 [INFO ] kopo.poly.PaasTaPrjApplication - Started PaasTaPrjApplication in 3.665 seconds (JVM running for 4.358)
2022-10-25 21:07:53 [INFO ] kopo.poly.controller.Webcontroller - kopo.poly.controller.Webcontroller인덱스 시작!
2022-10-25 21:08:19 [INFO ] kopo.poly.PaasTaPrjApplication - Starting PaasTaPrjApplication using Java 1.8.0_271 on WooJung-laptop with PID 11100 (C:\PaasTaPrj\PaasTaPrj\build\classes\java\main started by lowel in C:\PaasTaPrj\PaasTaPrj)
2022-10-25 21:08:19 [DEBUG] kopo.poly.PaasTaPrjApplication - Running with Spring Boot v2.7.5, Spring v5.3.23
2022-10-25 21:08:19 [INFO ] kopo.poly.PaasTaPrjApplication - The following 1 profile is active: "prod"
2022-10-25 21:08:23 [INFO ] kopo.poly.PaasTaPrjApplication - Started PaasTaPrjApplication in 3.633 seconds (JVM running for 4.308)
2022-10-25 21:08:29 [INFO ] kopo.poly.controller.Webcontroller - kopo.poly.controller.Webcontroller인덱스 시작!
2022-10-25 21:10:22 [INFO ] kopo.poly.PaasTaPrjApplication - Starting PaasTaPrjApplication using Java 1.8.0_271 on WooJung-laptop with PID 18548 (C:\PaasTaPrj\PaasTaPrj\build\classes\java\main started by lowel in C:\PaasTaPrj\PaasTaPrj)
2022-10-25 21:10:22 [DEBUG] kopo.poly.PaasTaPrjApplication - Running with Spring Boot v2.7.5, Spring v5.3.23
2022-10-25 21:10:22 [INFO ] kopo.poly.PaasTaPrjApplication - The following 1 profile is active: "prod"
2022-10-25 21:10:25 [INFO ] kopo.poly.PaasTaPrjApplication - Started PaasTaPrjApplication in 3.468 seconds (JVM running for 4.145)
2022-10-25 21:10:31 [INFO ] kopo.poly.controller.Webcontroller - kopo.poly.controller.Webcontroller테스트 시작!
2022-10-25 21:14:48 [INFO ] kopo.poly.PaasTaPrjApplication - Starting PaasTaPrjApplication using Java 1.8.0_271 on WooJung-laptop with PID 13468 (C:\PaasTaPrj\PaasTaPrj\build\classes\java\main started by lowel in C:\PaasTaPrj\PaasTaPrj)
2022-10-25 21:14:48 [DEBUG] kopo.poly.PaasTaPrjApplication - Running with Spring Boot v2.7.5, Spring v5.3.23
2022-10-25 21:14:48 [INFO ] kopo.poly.PaasTaPrjApplication - The following 1 profile is active: "prod"
2022-10-25 21:16:49 [INFO ] kopo.poly.PaasTaPrjApplication - Starting PaasTaPrjApplication using Java 1.8.0_271 on WooJung-laptop with PID 11088 (C:\PaasTaPrj\PaasTaPrj\build\classes\java\main started by lowel in C:\PaasTaPrj\PaasTaPrj)
2022-10-25 21:16:49 [DEBUG] kopo.poly.PaasTaPrjApplication - Running with Spring Boot v2.7.5, Spring v5.3.23
2022-10-25 21:16:49 [INFO ] kopo.poly.PaasTaPrjApplication - The following 1 profile is active: "prod"
2022-10-25 21:22:13 [INFO ] kopo.poly.PaasTaPrjApplication - Starting PaasTaPrjApplication using Java 1.8.0_271 on WooJung-laptop with PID 18228 (C:\PaasTaPrj\PaasTaPrj\build\classes\java\main started by lowel in C:\PaasTaPrj\PaasTaPrj)
2022-10-25 21:22:13 [DEBUG] kopo.poly.PaasTaPrjApplication - Running with Spring Boot v2.7.5, Spring v5.3.23
2022-10-25 21:22:13 [INFO ] kopo.poly.PaasTaPrjApplication - The following 1 profile is active: "prod"
2022-10-25 21:23:57 [INFO ] kopo.poly.PaasTaPrjApplication - Starting PaasTaPrjApplication using Java 1.8.0_271 on WooJung-laptop with PID 17772 (C:\PaasTaPrj\PaasTaPrj\build\classes\java\main started by lowel in C:\PaasTaPrj\PaasTaPrj)
2022-10-25 21:23:57 [DEBUG] kopo.poly.PaasTaPrjApplication - Running with Spring Boot v2.7.5, Spring v5.3.23
2022-10-25 21:23:57 [INFO ] kopo.poly.PaasTaPrjApplication - The following 1 profile is active: "prod"
2022-10-25 21:27:07 [INFO ] kopo.poly.PaasTaPrjApplication - Starting PaasTaPrjApplication using Java 1.8.0_271 on WooJung-laptop with PID 18132 (C:\PaasTaPrj\PaasTaPrj\build\classes\java\main started by lowel in C:\PaasTaPrj\PaasTaPrj)
2022-10-25 21:27:07 [DEBUG] kopo.poly.PaasTaPrjApplication - Running with Spring Boot v2.7.5, Spring v5.3.23
2022-10-25 21:27:07 [INFO ] kopo.poly.PaasTaPrjApplication - The following 1 profile is active: "prod"
2022-10-25 21:27:33 [INFO ] kopo.poly.PaasTaPrjApplication - Starting PaasTaPrjApplication using Java 1.8.0_271 on WooJung-laptop with PID 2024 (C:\PaasTaPrj\PaasTaPrj\build\classes\java\main started by lowel in C:\PaasTaPrj\PaasTaPrj)
2022-10-25 21:27:33 [DEBUG] kopo.poly.PaasTaPrjApplication - Running with Spring Boot v2.7.5, Spring v5.3.23
2022-10-25 21:27:33 [INFO ] kopo.poly.PaasTaPrjApplication - The following 1 profile is active: "prod"
2022-10-25 21:27:34 [INFO ] kopo.poly.PaasTaPrjApplication - Started PaasTaPrjApplication in 1.314 seconds (JVM running for 1.964)
2022-10-25 21:27:45 [INFO ] kopo.poly.controller.Webcontroller - kopo.poly.controller.Webcontroller테스트 시작!
2022-10-25 21:28:26 [INFO ] kopo.poly.controller.Webcontroller - kopo.poly.controller.Webcontroller인덱스 시작!
2022-10-25 21:30:26 [INFO ] kopo.poly.PaasTaPrjApplication - Starting PaasTaPrjApplication using Java 1.8.0_271 on WooJung-laptop with PID 1284 (C:\PaasTaPrj\PaasTaPrj\build\classes\java\main started by lowel in C:\PaasTaPrj\PaasTaPrj)
2022-10-25 21:30:26 [DEBUG] kopo.poly.PaasTaPrjApplication - Running with Spring Boot v2.7.5, Spring v5.3.23
2022-10-25 21:30:26 [INFO ] kopo.poly.PaasTaPrjApplication - The following 1 profile is active: "prod"
2022-10-25 21:30:27 [INFO ] kopo.poly.PaasTaPrjApplication - Started PaasTaPrjApplication in 1.36 seconds (JVM running for 1.985)
2022-10-25 21:30:40 [INFO ] kopo.poly.PaasTaPrjApplication - Starting PaasTaPrjApplication using Java 1.8.0_271 on WooJung-laptop with PID 13888 (C:\PaasTaPrj\PaasTaPrj\build\classes\java\main started by lowel in C:\PaasTaPrj\PaasTaPrj)
2022-10-25 21:30:40 [DEBUG] kopo.poly.PaasTaPrjApplication - Running with Spring Boot v2.7.5, Spring v5.3.23
2022-10-25 21:30:40 [INFO ] kopo.poly.PaasTaPrjApplication - The following 1 profile is active: "prod"
2022-10-25 21:30:41 [INFO ] kopo.poly.PaasTaPrjApplication - Started PaasTaPrjApplication in 1.318 seconds (JVM running for 1.978)
2022-10-25 21:30:46 [INFO ] kopo.poly.controller.Webcontroller - kopo.poly.controller.Webcontroller테스트 시작!
2022-10-25 21:31:15 [INFO ] kopo.poly.PaasTaPrjApplication - Starting PaasTaPrjApplication using Java 1.8.0_271 on WooJung-laptop with PID 6888 (C:\PaasTaPrj\PaasTaPrj\build\classes\java\main started by lowel in C:\PaasTaPrj\PaasTaPrj)
2022-10-25 21:31:15 [DEBUG] kopo.poly.PaasTaPrjApplication - Running with Spring Boot v2.7.5, Spring v5.3.23
2022-10-25 21:31:15 [INFO ] kopo.poly.PaasTaPrjApplication - The following 1 profile is active: "prod"
2022-10-25 21:31:16 [INFO ] kopo.poly.PaasTaPrjApplication - Started PaasTaPrjApplication in 1.377 seconds (JVM running for 2.035)
2022-10-25 21:31:18 [INFO ] kopo.poly.controller.Webcontroller - kopo.poly.controller.Webcontroller테스트 시작!
2022-10-25 21:31:21 [INFO ] kopo.poly.controller.Webcontroller - kopo.poly.controller.Webcontroller인덱스 시작!
2022-10-25 21:31:44 [INFO ] kopo.poly.controller.Webcontroller - kopo.poly.controller.Webcontroller인덱스 시작!
2022-10-25 21:31:51 [INFO ] kopo.poly.controller.Webcontroller - kopo.poly.controller.Webcontroller인덱스 시작!
2022-10-25 21:31:58 [INFO ] kopo.poly.PaasTaPrjApplication - Starting PaasTaPrjApplication using Java 1.8.0_271 on WooJung-laptop with PID 352 (C:\PaasTaPrj\PaasTaPrj\build\classes\java\main started by lowel in C:\PaasTaPrj\PaasTaPrj)
2022-10-25 21:31:58 [DEBUG] kopo.poly.PaasTaPrjApplication - Running with Spring Boot v2.7.5, Spring v5.3.23
2022-10-25 21:31:58 [INFO ] kopo.poly.PaasTaPrjApplication - The following 1 profile is active: "prod"
2022-10-25 21:31:59 [INFO ] kopo.poly.PaasTaPrjApplication - Started PaasTaPrjApplication in 1.523 seconds (JVM running for 2.282)
2022-10-25 21:32:11 [INFO ] kopo.poly.controller.Webcontroller - kopo.poly.controller.Webcontroller인덱스 시작!
2022-10-25 21:33:35 [INFO ] kopo.poly.PaasTaPrjApplication - Starting PaasTaPrjApplication using Java 1.8.0_271 on WooJung-laptop with PID 4516 (C:\PaasTaPrj\PaasTaPrj\build\classes\java\main started by lowel in C:\PaasTaPrj\PaasTaPrj)
2022-10-25 21:33:35 [DEBUG] kopo.poly.PaasTaPrjApplication - Running with Spring Boot v2.7.5, Spring v5.3.23
2022-10-25 21:33:35 [INFO ] kopo.poly.PaasTaPrjApplication - The following 1 profile is active: "prod"
2022-10-25 21:33:36 [INFO ] kopo.poly.PaasTaPrjApplication - Started PaasTaPrjApplication in 1.88 seconds (JVM running for 2.594)
2022-10-25 21:33:47 [INFO ] kopo.poly.controller.Webcontroller - kopo.poly.controller.Webcontroller인덱스 시작!
2022-10-25 21:35:23 [INFO ] kopo.poly.PaasTaPrjApplication - Starting PaasTaPrjApplication using Java 1.8.0_271 on WooJung-laptop with PID 1412 (C:\PaasTaPrj\PaasTaPrj\build\classes\java\main started by lowel in C:\PaasTaPrj\PaasTaPrj)
2022-10-25 21:35:23 [DEBUG] kopo.poly.PaasTaPrjApplication - Running with Spring Boot v2.7.5, Spring v5.3.23
2022-10-25 21:35:23 [INFO ] kopo.poly.PaasTaPrjApplication - The following 1 profile is active: "prod"
2022-10-25 21:35:24 [INFO ] kopo.poly.PaasTaPrjApplication - Started PaasTaPrjApplication in 1.832 seconds (JVM running for 2.699)
2022-10-25 21:35:32 [INFO ] kopo.poly.controller.Webcontroller - kopo.poly.controller.Webcontroller인덱스 시작!
